

Index              : 240152
EntryType          : Error
InstanceId         : 2147489656
Message            : 以前のシステム シャットダウン ( ‎2018/‎09/‎15 15:03:10) は予期されていませんでした。
Category           : (0)
CategoryNumber     : 0
ReplacementStrings : {15:03:10, ‎2018/‎09/‎15, , ...}
Source             : EventLog
TimeGenerated      : 2019/02/15 6:12:41
TimeWritten        : 2019/02/15 6:12:41
UserName           : 

Index              : 199251
EntryType          : Error
InstanceId         : 3221232472
Message            : Zabbix Agent サービスを、次のエラーが原因で開始できませんでした: 
                     %%1053
Category           : (0)
CategoryNumber     : 0
ReplacementStrings : {Zabbix Agent, %%1053}
Source             : Service Control Manager
TimeGenerated      : 2018/06/26 5:53:17
TimeWritten        : 2018/06/26 5:53:17
UserName           : 

Index              : 199250
EntryType          : Error
InstanceId         : 3221232481
Message            : Zabbix Agent サービスの接続を待機中にタイムアウト (30000 ミリ秒) になりました。
Category           : (0)
CategoryNumber     : 0
ReplacementStrings : {30000, Zabbix Agent}
Source             : Service Control Manager
TimeGenerated      : 2018/06/26 5:53:17
TimeWritten        : 2018/06/26 5:53:17
UserName           : 

Index              : 199248
EntryType          : Error
InstanceId         : 3221232472
Message            : Zabbix Agent サービスを、次のエラーが原因で開始できませんでした: 
                     %%1053
Category           : (0)
CategoryNumber     : 0
ReplacementStrings : {Zabbix Agent, %%1053}
Source             : Service Control Manager
TimeGenerated      : 2018/06/26 5:52:19
TimeWritten        : 2018/06/26 5:52:19
UserName           : 

Index              : 199247
EntryType          : Error
InstanceId         : 3221232481
Message            : Zabbix Agent サービスの接続を待機中にタイムアウト (30000 ミリ秒) になりました。
Category           : (0)
CategoryNumber     : 0
ReplacementStrings : {30000, Zabbix Agent}
Source             : Service Control Manager
TimeGenerated      : 2018/06/26 5:52:19
TimeWritten        : 2018/06/26 5:52:19
UserName           : 

Index              : 199246
EntryType          : Error
InstanceId         : 3221232472
Message            : Zabbix Agent サービスを、次のエラーが原因で開始できませんでした: 
                     %%1053
Category           : (0)
CategoryNumber     : 0
ReplacementStrings : {Zabbix Agent, %%1053}
Source             : Service Control Manager
TimeGenerated      : 2018/06/26 5:50:08
TimeWritten        : 2018/06/26 5:50:08
UserName           : 

Index              : 199245
EntryType          : Error
InstanceId         : 3221232481
Message            : Zabbix Agent サービスの接続を待機中にタイムアウト (30000 ミリ秒) になりました。
Category           : (0)
CategoryNumber     : 0
ReplacementStrings : {30000, Zabbix Agent}
Source             : Service Control Manager
TimeGenerated      : 2018/06/26 5:50:08
TimeWritten        : 2018/06/26 5:50:08
UserName           : 

Index              : 196040
EntryType          : Error
InstanceId         : 2147489656
Message            : 以前のシステム シャットダウン ( ‎2018/‎06/‎01 6:02:24) は予期されていませんでした。
Category           : (0)
CategoryNumber     : 0
ReplacementStrings : {6:02:24, ‎2018/‎06/‎01, , ...}
Source             : EventLog
TimeGenerated      : 2018/06/01 6:03:23
TimeWritten        : 2018/06/01 6:03:23
UserName           : 



